生成启动时间为 2018/1/20 21:00:00。
     1>项目“E:\比特作业\可变参数实现printf\可变参数实现printf\可变参数实现printf.vcxproj”在节点 2 上(Build 个目标)。
     1>ClCompile:
         E:\比特人\VC\bin\CL.exe /c /ZI /nologo /W3 /WX- /sdl /Od /Oy- /D _UNICODE /D UNICODE /Gm /EHsc /RTC1 /MDd /GS /fp:precise /Zc:wchar_t /Zc:forScope /Fo"Debug\\" /Fd"Debug\vc120.pdb" /Gd /TC /analyze- /errorReport:prompt "可变参数实现printf.c"
         可变参数实现printf.c
     1>e:\比特作业\可变参数实现printf\可变参数实现printf\可变参数实现printf.c(15): error C2143: 语法错误 : 缺少“)”(在“.”的前面)
     1>e:\比特作业\可变参数实现printf\可变参数实现printf\可变参数实现printf.c(15): error C2143: 语法错误 : 缺少“{”(在“.”的前面)
     1>e:\比特作业\可变参数实现printf\可变参数实现printf\可变参数实现printf.c(15): error C2059: 语法错误:“.”
     1>e:\比特作业\可变参数实现printf\可变参数实现printf\可变参数实现printf.c(15): error C2059: 语法错误:“)”
     1>e:\比特作业\可变参数实现printf\可变参数实现printf\可变参数实现printf.c(56): warning C4013: “print”未定义；假设外部返回 int
     1>已完成生成项目“E:\比特作业\可变参数实现printf\可变参数实现printf\可变参数实现printf.vcxproj”(Build 个目标)的操作 - 失败。

生成失败。

已用时间 00:00:00.22
